This is pdfTeX, Version 3.141592653-2.6-1.40.24 (MiKTeX 22.1) (preloaded format=pdflatex 2025.7.25)  13 MAY 2026 12:37
entering extended mode
 restricted \write18 enabled.
 %&-line parsing enabled.
**./figuras_intro.tex
(figuras_intro.tex
LaTeX2e <2025-06-01> patch level 1
L3 programming layer <2025-07-19>

(/Users/jm/Library/Application Support/MiKTeX/texmfs/install/tex/latex/standalo
ne/standalone.cls
Document Class: standalone 2025/02/22 v1.5a Class to compile TeX sub-files stan
dalone

(/Library/Application Support/MiKTeX/texmfs/install/tex/latex/tools/shellesc.st
y
Package: shellesc 2023/07/08 v1.0d unified shell escape interface for LaTeX
Package shellesc Info: Restricted shell escape enabled on input line 77.
)
(/Users/jm/Library/Application Support/MiKTeX/texmfs/install/tex/generic/iftex/
ifluatex.sty
Package: ifluatex 2019/10/25 v1.5 ifluatex legacy package. Use iftex instead.

(/Users/jm/Library/Application Support/MiKTeX/texmfs/install/tex/generic/iftex/
iftex.sty
Package: iftex 2024/12/12 v1.0g TeX engine tests
))
(/Users/jm/Library/Application Support/MiKTeX/texmfs/install/tex/latex/xkeyval/
xkeyval.sty
Package: xkeyval 2022/06/16 v2.9 package option processing (HA)

(/Users/jm/Library/Application Support/MiKTeX/texmfs/install/tex/generic/xkeyva
l/xkeyval.tex
(/Users/jm/Library/Application Support/MiKTeX/texmfs/install/tex/generic/xkeyva
l/xkvutils.tex
\XKV@toks=\toks17
\XKV@tempa@toks=\toks18

(/Users/jm/Library/Application Support/MiKTeX/texmfs/install/tex/generic/xkeyva
l/keyval.tex))
\XKV@depth=\count275
File: xkeyval.tex 2014/12/03 v2.7a key=value parser (HA)
))
\sa@internal=\count276
\c@sapage=\count277

(/Users/jm/Library/Application Support/MiKTeX/texmfs/install/tex/latex/standalo
ne/standalone.cfg
File: standalone.cfg 2025/02/22 v1.5a Default configuration file for 'standalon
e' class
)
(/Users/jm/Library/Application Support/MiKTeX/texmfs/install/tex/latex/base/art
icle.cls
Document Class: article 2025/01/22 v1.4n Standard LaTeX document class

(/Users/jm/Library/Application Support/MiKTeX/texmfs/install/tex/latex/base/siz
e10.clo
File: size10.clo 2025/01/22 v1.4n Standard LaTeX file (size option)
)
\c@part=\count278
\c@section=\count279
\c@subsection=\count280
\c@subsubsection=\count281
\c@paragraph=\count282
\c@subparagraph=\count283
\c@figure=\count284
\c@table=\count285
\abovecaptionskip=\skip49
\belowcaptionskip=\skip50
\bibindent=\dimen148
)
(/Users/jm/Library/Application Support/MiKTeX/texmfs/install/tex/latex/pgf/fron
tendlayer/tikz.sty
(/Users/jm/Library/Application Support/MiKTeX/texmfs/install/tex/latex/pgf/basi
clayer/pgf.sty
(/Users/jm/Library/Application Support/MiKTeX/texmfs/install/tex/latex/pgf/util
ities/pgfrcs.sty
(/Users/jm/Library/Application Support/MiKTeX/texmfs/install/tex/generic/pgf/ut
ilities/pgfutil-common.tex
\pgfutil@everybye=\toks19
\pgfutil@tempdima=\dimen149
\pgfutil@tempdimb=\dimen150
)
(/Users/jm/Library/Application Support/MiKTeX/texmfs/install/tex/generic/pgf/ut
ilities/pgfutil-latex.def
\pgfutil@abb=\box53
)
(/Users/jm/Library/Application Support/MiKTeX/texmfs/install/tex/generic/pgf/ut
ilities/pgfrcs.code.tex
(/Users/jm/Library/Application Support/MiKTeX/texmfs/install/tex/generic/pgf/pg
f.revision.tex)
Package: pgfrcs 2023-01-15 v3.1.10 (3.1.10)
))
Package: pgf 2023-01-15 v3.1.10 (3.1.10)

(/Users/jm/Library/Application Support/MiKTeX/texmfs/install/tex/latex/pgf/basi
clayer/pgfcore.sty
(/Users/jm/Library/Application Support/MiKTeX/texmfs/install/tex/latex/graphics
/graphicx.sty
Package: graphicx 2024/12/31 v1.2e Enhanced LaTeX Graphics (DPC,SPQR)

(/Users/jm/Library/Application Support/MiKTeX/texmfs/install/tex/latex/graphics
/graphics.sty
Package: graphics 2024/08/06 v1.4g Standard LaTeX Graphics (DPC,SPQR)

(/Users/jm/Library/Application Support/MiKTeX/texmfs/install/tex/latex/graphics
/trig.sty
Package: trig 2023/12/02 v1.11 sin cos tan (DPC)
)
(/Users/jm/Library/Application Support/MiKTeX/texmfs/install/tex/latex/graphics
-cfg/graphics.cfg
File: graphics.cfg 2016/06/04 v1.11 sample graphics configuration
)
Package graphics Info: Driver file: pdftex.def on input line 106.

(/Users/jm/Library/Application Support/MiKTeX/texmfs/install/tex/latex/graphics
-def/pdftex.def
File: pdftex.def 2024/04/13 v1.2c Graphics/color driver for pdftex
))
\Gin@req@height=\dimen151
\Gin@req@width=\dimen152
)
(/Users/jm/Library/Application Support/MiKTeX/texmfs/install/tex/latex/pgf/syst
emlayer/pgfsys.sty
(/Users/jm/Library/Application Support/MiKTeX/texmfs/install/tex/generic/pgf/sy
stemlayer/pgfsys.code.tex
Package: pgfsys 2023-01-15 v3.1.10 (3.1.10)

(/Users/jm/Library/Application Support/MiKTeX/texmfs/install/tex/generic/pgf/ut
ilities/pgfkeys.code.tex
\pgfkeys@pathtoks=\toks20
\pgfkeys@temptoks=\toks21

(/Users/jm/Library/Application Support/MiKTeX/texmfs/install/tex/generic/pgf/ut
ilities/pgfkeyslibraryfiltered.code.tex
\pgfkeys@tmptoks=\toks22
))
\pgf@x=\dimen153
\pgf@y=\dimen154
\pgf@xa=\dimen155
\pgf@ya=\dimen156
\pgf@xb=\dimen157
\pgf@yb=\dimen158
\pgf@xc=\dimen159
\pgf@yc=\dimen160
\pgf@xd=\dimen161
\pgf@yd=\dimen162
\w@pgf@writea=\write3
\r@pgf@reada=\read2
\c@pgf@counta=\count286
\c@pgf@countb=\count287
\c@pgf@countc=\count288
\c@pgf@countd=\count289
\t@pgf@toka=\toks23
\t@pgf@tokb=\toks24
\t@pgf@tokc=\toks25
\pgf@sys@id@count=\count290

(/Users/jm/Library/Application Support/MiKTeX/texmfs/install/tex/generic/pgf/sy
stemlayer/pgf.cfg
File: pgf.cfg 2023-01-15 v3.1.10 (3.1.10)
)
Driver file for pgf: pgfsys-pdftex.def

(/Users/jm/Library/Application Support/MiKTeX/texmfs/install/tex/generic/pgf/sy
stemlayer/pgfsys-pdftex.def
File: pgfsys-pdftex.def 2023-01-15 v3.1.10 (3.1.10)

(/Users/jm/Library/Application Support/MiKTeX/texmfs/install/tex/generic/pgf/sy
stemlayer/pgfsys-common-pdf.def
File: pgfsys-common-pdf.def 2023-01-15 v3.1.10 (3.1.10)
)))
(/Users/jm/Library/Application Support/MiKTeX/texmfs/install/tex/generic/pgf/sy
stemlayer/pgfsyssoftpath.code.tex
File: pgfsyssoftpath.code.tex 2023-01-15 v3.1.10 (3.1.10)
\pgfsyssoftpath@smallbuffer@items=\count291
\pgfsyssoftpath@bigbuffer@items=\count292
)
(/Users/jm/Library/Application Support/MiKTeX/texmfs/install/tex/generic/pgf/sy
stemlayer/pgfsysprotocol.code.tex
File: pgfsysprotocol.code.tex 2023-01-15 v3.1.10 (3.1.10)
))
(/Users/jm/Library/Application Support/MiKTeX/texmfs/install/tex/latex/xcolor/x
color.sty
Package: xcolor 2024/09/29 v3.02 LaTeX color extensions (UK)

(/Users/jm/Library/Application Support/MiKTeX/texmfs/install/tex/latex/graphics
-cfg/color.cfg
File: color.cfg 2016/01/02 v1.6 sample color configuration
)
Package xcolor Info: Driver file: pdftex.def on input line 274.

(/Users/jm/Library/Application Support/MiKTeX/texmfs/install/tex/latex/graphics
/mathcolor.ltx)
Package xcolor Info: Model `cmy' substituted by `cmy0' on input line 1349.
Package xcolor Info: Model `hsb' substituted by `rgb' on input line 1353.
Package xcolor Info: Model `RGB' extended on input line 1365.
Package xcolor Info: Model `HTML' substituted by `rgb' on input line 1367.
Package xcolor Info: Model `Hsb' substituted by `hsb' on input line 1368.
Package xcolor Info: Model `tHsb' substituted by `hsb' on input line 1369.
Package xcolor Info: Model `HSB' substituted by `hsb' on input line 1370.
Package xcolor Info: Model `Gray' substituted by `gray' on input line 1371.
Package xcolor Info: Model `wave' substituted by `hsb' on input line 1372.
)
(/Users/jm/Library/Application Support/MiKTeX/texmfs/install/tex/generic/pgf/ba
siclayer/pgfcore.code.tex
Package: pgfcore 2023-01-15 v3.1.10 (3.1.10)

(/Users/jm/Library/Application Support/MiKTeX/texmfs/install/tex/generic/pgf/ma
th/pgfmath.code.tex
(/Users/jm/Library/Application Support/MiKTeX/texmfs/install/tex/generic/pgf/ma
th/pgfmathutil.code.tex)
(/Users/jm/Library/Application Support/MiKTeX/texmfs/install/tex/generic/pgf/ma
th/pgfmathparser.code.tex
\pgfmath@dimen=\dimen163
\pgfmath@count=\count293
\pgfmath@box=\box54
\pgfmath@toks=\toks26
\pgfmath@stack@operand=\toks27
\pgfmath@stack@operation=\toks28
)
(/Users/jm/Library/Application Support/MiKTeX/texmfs/install/tex/generic/pgf/ma
th/pgfmathfunctions.code.tex)
(/Users/jm/Library/Application Support/MiKTeX/texmfs/install/tex/generic/pgf/ma
th/pgfmathfunctions.basic.code.tex)
(/Users/jm/Library/Application Support/MiKTeX/texmfs/install/tex/generic/pgf/ma
th/pgfmathfunctions.trigonometric.code.tex)
(/Users/jm/Library/Application Support/MiKTeX/texmfs/install/tex/generic/pgf/ma
th/pgfmathfunctions.random.code.tex)
(/Users/jm/Library/Application Support/MiKTeX/texmfs/install/tex/generic/pgf/ma
th/pgfmathfunctions.comparison.code.tex)
(/Users/jm/Library/Application Support/MiKTeX/texmfs/install/tex/generic/pgf/ma
th/pgfmathfunctions.base.code.tex)
(/Users/jm/Library/Application Support/MiKTeX/texmfs/install/tex/generic/pgf/ma
th/pgfmathfunctions.round.code.tex)
(/Users/jm/Library/Application Support/MiKTeX/texmfs/install/tex/generic/pgf/ma
th/pgfmathfunctions.misc.code.tex)
(/Users/jm/Library/Application Support/MiKTeX/texmfs/install/tex/generic/pgf/ma
th/pgfmathfunctions.integerarithmetics.code.tex)
(/Users/jm/Library/Application Support/MiKTeX/texmfs/install/tex/generic/pgf/ma
th/pgfmathcalc.code.tex)
(/Users/jm/Library/Application Support/MiKTeX/texmfs/install/tex/generic/pgf/ma
th/pgfmathfloat.code.tex
\c@pgfmathroundto@lastzeros=\count294
))
(/Users/jm/Library/Application Support/MiKTeX/texmfs/install/tex/generic/pgf/ma
th/pgfint.code.tex)
(/Users/jm/Library/Application Support/MiKTeX/texmfs/install/tex/generic/pgf/ba
siclayer/pgfcorepoints.code.tex
File: pgfcorepoints.code.tex 2023-01-15 v3.1.10 (3.1.10)
\pgf@picminx=\dimen164
\pgf@picmaxx=\dimen165
\pgf@picminy=\dimen166
\pgf@picmaxy=\dimen167
\pgf@pathminx=\dimen168
\pgf@pathmaxx=\dimen169
\pgf@pathminy=\dimen170
\pgf@pathmaxy=\dimen171
\pgf@xx=\dimen172
\pgf@xy=\dimen173
\pgf@yx=\dimen174
\pgf@yy=\dimen175
\pgf@zx=\dimen176
\pgf@zy=\dimen177
)
(/Users/jm/Library/Application Support/MiKTeX/texmfs/install/tex/generic/pgf/ba
siclayer/pgfcorepathconstruct.code.tex
File: pgfcorepathconstruct.code.tex 2023-01-15 v3.1.10 (3.1.10)
\pgf@path@lastx=\dimen178
\pgf@path@lasty=\dimen179
)
(/Users/jm/Library/Application Support/MiKTeX/texmfs/install/tex/generic/pgf/ba
siclayer/pgfcorepathusage.code.tex
File: pgfcorepathusage.code.tex 2023-01-15 v3.1.10 (3.1.10)
\pgf@shorten@end@additional=\dimen180
\pgf@shorten@start@additional=\dimen181
)
(/Users/jm/Library/Application Support/MiKTeX/texmfs/install/tex/generic/pgf/ba
siclayer/pgfcorescopes.code.tex
File: pgfcorescopes.code.tex 2023-01-15 v3.1.10 (3.1.10)
\pgfpic=\box55
\pgf@hbox=\box56
\pgf@layerbox@main=\box57
\pgf@picture@serial@count=\count295
)
(/Users/jm/Library/Application Support/MiKTeX/texmfs/install/tex/generic/pgf/ba
siclayer/pgfcoregraphicstate.code.tex
File: pgfcoregraphicstate.code.tex 2023-01-15 v3.1.10 (3.1.10)
\pgflinewidth=\dimen182
)
(/Users/jm/Library/Application Support/MiKTeX/texmfs/install/tex/generic/pgf/ba
siclayer/pgfcoretransformations.code.tex
File: pgfcoretransformations.code.tex 2023-01-15 v3.1.10 (3.1.10)
\pgf@pt@x=\dimen183
\pgf@pt@y=\dimen184
\pgf@pt@temp=\dimen185
)
(/Users/jm/Library/Application Support/MiKTeX/texmfs/install/tex/generic/pgf/ba
siclayer/pgfcorequick.code.tex
File: pgfcorequick.code.tex 2023-01-15 v3.1.10 (3.1.10)
)
(/Users/jm/Library/Application Support/MiKTeX/texmfs/install/tex/generic/pgf/ba
siclayer/pgfcoreobjects.code.tex
File: pgfcoreobjects.code.tex 2023-01-15 v3.1.10 (3.1.10)
)
(/Users/jm/Library/Application Support/MiKTeX/texmfs/install/tex/generic/pgf/ba
siclayer/pgfcorepathprocessing.code.tex
File: pgfcorepathprocessing.code.tex 2023-01-15 v3.1.10 (3.1.10)
)
(/Users/jm/Library/Application Support/MiKTeX/texmfs/install/tex/generic/pgf/ba
siclayer/pgfcorearrows.code.tex
File: pgfcorearrows.code.tex 2023-01-15 v3.1.10 (3.1.10)
\pgfarrowsep=\dimen186
)
(/Users/jm/Library/Application Support/MiKTeX/texmfs/install/tex/generic/pgf/ba
siclayer/pgfcoreshade.code.tex
File: pgfcoreshade.code.tex 2023-01-15 v3.1.10 (3.1.10)
\pgf@max=\dimen187
\pgf@sys@shading@range@num=\count296
\pgf@shadingcount=\count297
)
(/Users/jm/Library/Application Support/MiKTeX/texmfs/install/tex/generic/pgf/ba
siclayer/pgfcoreimage.code.tex
File: pgfcoreimage.code.tex 2023-01-15 v3.1.10 (3.1.10)
)
(/Users/jm/Library/Application Support/MiKTeX/texmfs/install/tex/generic/pgf/ba
siclayer/pgfcoreexternal.code.tex
File: pgfcoreexternal.code.tex 2023-01-15 v3.1.10 (3.1.10)
\pgfexternal@startupbox=\box58
)
(/Users/jm/Library/Application Support/MiKTeX/texmfs/install/tex/generic/pgf/ba
siclayer/pgfcorelayers.code.tex
File: pgfcorelayers.code.tex 2023-01-15 v3.1.10 (3.1.10)
)
(/Users/jm/Library/Application Support/MiKTeX/texmfs/install/tex/generic/pgf/ba
siclayer/pgfcoretransparency.code.tex
File: pgfcoretransparency.code.tex 2023-01-15 v3.1.10 (3.1.10)
)
(/Users/jm/Library/Application Support/MiKTeX/texmfs/install/tex/generic/pgf/ba
siclayer/pgfcorepatterns.code.tex
File: pgfcorepatterns.code.tex 2023-01-15 v3.1.10 (3.1.10)
)
(/Users/jm/Library/Application Support/MiKTeX/texmfs/install/tex/generic/pgf/ba
siclayer/pgfcorerdf.code.tex
File: pgfcorerdf.code.tex 2023-01-15 v3.1.10 (3.1.10)
)))
(/Users/jm/Library/Application Support/MiKTeX/texmfs/install/tex/generic/pgf/mo
dules/pgfmoduleshapes.code.tex
File: pgfmoduleshapes.code.tex 2023-01-15 v3.1.10 (3.1.10)
\pgfnodeparttextbox=\box59
)
(/Users/jm/Library/Application Support/MiKTeX/texmfs/install/tex/generic/pgf/mo
dules/pgfmoduleplot.code.tex
File: pgfmoduleplot.code.tex 2023-01-15 v3.1.10 (3.1.10)
)
(/Users/jm/Library/Application Support/MiKTeX/texmfs/install/tex/latex/pgf/comp
atibility/pgfcomp-version-0-65.sty
Package: pgfcomp-version-0-65 2023-01-15 v3.1.10 (3.1.10)
\pgf@nodesepstart=\dimen188
\pgf@nodesepend=\dimen189
)
(/Users/jm/Library/Application Support/MiKTeX/texmfs/install/tex/latex/pgf/comp
atibility/pgfcomp-version-1-18.sty
Package: pgfcomp-version-1-18 2023-01-15 v3.1.10 (3.1.10)
))
(/Users/jm/Library/Application Support/MiKTeX/texmfs/install/tex/latex/pgf/util
ities/pgffor.sty
(/Users/jm/Library/Application Support/MiKTeX/texmfs/install/tex/latex/pgf/util
ities/pgfkeys.sty
(/Users/jm/Library/Application Support/MiKTeX/texmfs/install/tex/generic/pgf/ut
ilities/pgfkeys.code.tex))
(/Users/jm/Library/Application Support/MiKTeX/texmfs/install/tex/latex/pgf/math
/pgfmath.sty
(/Users/jm/Library/Application Support/MiKTeX/texmfs/install/tex/generic/pgf/ma
th/pgfmath.code.tex))
(/Users/jm/Library/Application Support/MiKTeX/texmfs/install/tex/generic/pgf/ut
ilities/pgffor.code.tex
Package: pgffor 2023-01-15 v3.1.10 (3.1.10)
\pgffor@iter=\dimen190
\pgffor@skip=\dimen191
\pgffor@stack=\toks29
\pgffor@toks=\toks30
))
(/Users/jm/Library/Application Support/MiKTeX/texmfs/install/tex/generic/pgf/fr
ontendlayer/tikz/tikz.code.tex
Package: tikz 2023-01-15 v3.1.10 (3.1.10)

(/Users/jm/Library/Application Support/MiKTeX/texmfs/install/tex/generic/pgf/li
braries/pgflibraryplothandlers.code.tex
File: pgflibraryplothandlers.code.tex 2023-01-15 v3.1.10 (3.1.10)
\pgf@plot@mark@count=\count298
\pgfplotmarksize=\dimen192
)
\tikz@lastx=\dimen193
\tikz@lasty=\dimen194
\tikz@lastxsaved=\dimen195
\tikz@lastysaved=\dimen196
\tikz@lastmovetox=\dimen197
\tikz@lastmovetoy=\dimen198
\tikzleveldistance=\dimen199
\tikzsiblingdistance=\dimen256
\tikz@figbox=\box60
\tikz@figbox@bg=\box61
\tikz@tempbox=\box62
\tikz@tempbox@bg=\box63
\tikztreelevel=\count299
\tikznumberofchildren=\count300
\tikznumberofcurrentchild=\count301
\tikz@fig@count=\count302

(/Users/jm/Library/Application Support/MiKTeX/texmfs/install/tex/generic/pgf/mo
dules/pgfmodulematrix.code.tex
File: pgfmodulematrix.code.tex 2023-01-15 v3.1.10 (3.1.10)
\pgfmatrixcurrentrow=\count303
\pgfmatrixcurrentcolumn=\count304
\pgf@matrix@numberofcolumns=\count305
)
\tikz@expandcount=\count306

(/Users/jm/Library/Application Support/MiKTeX/texmfs/install/tex/generic/pgf/fr
ontendlayer/tikz/libraries/tikzlibrarytopaths.code.tex
File: tikzlibrarytopaths.code.tex 2023-01-15 v3.1.10 (3.1.10)
)))
\sa@box=\box64
)
(/Users/jm/Library/Application Support/MiKTeX/texmfs/install/tex/generic/pgf/fr
ontendlayer/tikz/libraries/tikzlibraryshapes.misc.code.tex
File: tikzlibraryshapes.misc.code.tex 2023-01-15 v3.1.10 (3.1.10)

(/Users/jm/Library/Application Support/MiKTeX/texmfs/install/tex/generic/pgf/li
braries/shapes/pgflibraryshapes.misc.code.tex
File: pgflibraryshapes.misc.code.tex 2023-01-15 v3.1.10 (3.1.10)
))
(/Users/jm/Library/Application Support/MiKTeX/texmfs/install/tex/generic/pgf/fr
ontendlayer/tikz/libraries/tikzlibrarycalc.code.tex
File: tikzlibrarycalc.code.tex 2023-01-15 v3.1.10 (3.1.10)
)
(/Users/jm/Library/Application Support/MiKTeX/texmfs/install/tex/generic/pgf/fr
ontendlayer/tikz/libraries/tikzlibraryangles.code.tex
File: tikzlibraryangles.code.tex 2023-01-15 v3.1.10 (3.1.10)
)
(/Users/jm/Library/Application Support/MiKTeX/texmfs/install/tex/generic/pgf/fr
ontendlayer/tikz/libraries/tikzlibraryquotes.code.tex
File: tikzlibraryquotes.code.tex 2023-01-15 v3.1.10 (3.1.10)
)
(/Users/jm/Library/Application Support/MiKTeX/texmfs/install/tex/generic/pgf/fr
ontendlayer/tikz/libraries/tikzlibrarydecorations.pathmorphing.code.tex
(/Users/jm/Library/Application Support/MiKTeX/texmfs/install/tex/generic/pgf/fr
ontendlayer/tikz/libraries/tikzlibrarydecorations.code.tex
(/Users/jm/Library/Application Support/MiKTeX/texmfs/install/tex/generic/pgf/mo
dules/pgfmoduledecorations.code.tex
\pgfdecoratedcompleteddistance=\dimen257
\pgfdecoratedremainingdistance=\dimen258
\pgfdecoratedinputsegmentcompleteddistance=\dimen259
\pgfdecoratedinputsegmentremainingdistance=\dimen260
\pgf@decorate@distancetomove=\dimen261
\pgf@decorate@repeatstate=\count307
\pgfdecorationsegmentamplitude=\dimen262
\pgfdecorationsegmentlength=\dimen263
)
\tikz@lib@dec@box=\box65
)
(/Users/jm/Library/Application Support/MiKTeX/texmfs/install/tex/generic/pgf/li
braries/decorations/pgflibrarydecorations.pathmorphing.code.tex))
(/Users/jm/Library/Application Support/MiKTeX/texmfs/install/tex/generic/pgf/fr
ontendlayer/tikz/libraries/tikzlibrarypatterns.code.tex
File: tikzlibrarypatterns.code.tex 2023-01-15 v3.1.10 (3.1.10)

(/Users/jm/Library/Application Support/MiKTeX/texmfs/install/tex/generic/pgf/li
braries/pgflibrarypatterns.code.tex
File: pgflibrarypatterns.code.tex 2023-01-15 v3.1.10 (3.1.10)
))
(/Users/jm/Library/Application Support/MiKTeX/texmfs/install/tex/generic/pgf/fr
ontendlayer/tikz/libraries/tikzlibraryshapes.geometric.code.tex
File: tikzlibraryshapes.geometric.code.tex 2023-01-15 v3.1.10 (3.1.10)

(/Users/jm/Library/Application Support/MiKTeX/texmfs/install/tex/generic/pgf/li
braries/shapes/pgflibraryshapes.geometric.code.tex
File: pgflibraryshapes.geometric.code.tex 2023-01-15 v3.1.10 (3.1.10)
))
(/Users/jm/Library/Application Support/MiKTeX/texmfs/install/tex/generic/pgf/fr
ontendlayer/tikz/libraries/tikzlibrarypositioning.code.tex
File: tikzlibrarypositioning.code.tex 2023-01-15 v3.1.10 (3.1.10)
)
(/Users/jm/Library/Application Support/MiKTeX/texmfs/install/tex/generic/pgf/fr
ontendlayer/tikz/libraries/tikzlibrarydecorations.pathreplacing.code.tex
(/Users/jm/Library/Application Support/MiKTeX/texmfs/install/tex/generic/pgf/li
braries/decorations/pgflibrarydecorations.pathreplacing.code.tex))
(/Users/jm/Library/Application Support/MiKTeX/texmfs/install/tex/generic/pgf/li
braries/pgflibraryarrows.meta.code.tex
File: pgflibraryarrows.meta.code.tex 2023-01-15 v3.1.10 (3.1.10)
\pgfarrowinset=\dimen264
\pgfarrowlength=\dimen265
\pgfarrowwidth=\dimen266
\pgfarrowlinewidth=\dimen267
)
(/Users/jm/Library/Application Support/MiKTeX/texmfs/install/tex/generic/pgf/fr
ontendlayer/tikz/libraries/tikzlibraryshapes.callouts.code.tex
(/Users/jm/Library/Application Support/MiKTeX/texmfs/install/tex/generic/pgf/li
braries/shapes/pgflibraryshapes.callouts.code.tex
(/Users/jm/Library/Application Support/MiKTeX/texmfs/install/tex/generic/pgf/li
braries/shapes/pgflibraryshapes.symbols.code.tex
File: pgflibraryshapes.symbols.code.tex 2023-01-15 v3.1.10 (3.1.10)
)))
(/Users/jm/Library/Application Support/MiKTeX/texmfs/install/tex/generic/pgf/fr
ontendlayer/tikz/libraries/tikzlibrarybackgrounds.code.tex
File: tikzlibrarybackgrounds.code.tex 2023-01-15 v3.1.10 (3.1.10)
\pgf@layerbox@background=\box66
\pgf@layerboxsaved@background=\box67
)
(/Users/jm/Library/Application Support/MiKTeX/texmfs/install/tex/generic/pgf/fr
ontendlayer/tikz/libraries/tikzlibraryshadows.code.tex
File: tikzlibraryshadows.code.tex 2023-01-15 v3.1.10 (3.1.10)

(/Users/jm/Library/Application Support/MiKTeX/texmfs/install/tex/generic/pgf/fr
ontendlayer/tikz/libraries/tikzlibraryfadings.code.tex
File: tikzlibraryfadings.code.tex 2023-01-15 v3.1.10 (3.1.10)

(/Users/jm/Library/Application Support/MiKTeX/texmfs/install/tex/generic/pgf/li
braries/pgflibraryfadings.code.tex
File: pgflibraryfadings.code.tex 2023-01-15 v3.1.10 (3.1.10)
)))
(/Users/jm/Library/Application Support/MiKTeX/texmfs/install/tex/generic/pgf/fr
ontendlayer/tikz/libraries/tikzlibraryfit.code.tex
File: tikzlibraryfit.code.tex 2023-01-15 v3.1.10 (3.1.10)
)
(/Users/jm/Library/Application Support/MiKTeX/texmfs/install/tex/latex/pgfplots
/pgfplots.sty
(/Users/jm/Library/Application Support/MiKTeX/texmfs/install/tex/generic/pgfplo
ts/pgfplots.revision.tex)
Package: pgfplots 2021/05/15 v1.18.1 Data Visualization (1.18.1)

(/Users/jm/Library/Application Support/MiKTeX/texmfs/install/tex/generic/pgfplo
ts/pgfplots.code.tex
(/Users/jm/Library/Application Support/MiKTeX/texmfs/install/tex/generic/pgfplo
ts/pgfplotscore.code.tex
\t@pgfplots@toka=\toks31
\t@pgfplots@tokb=\toks32
\t@pgfplots@tokc=\toks33
\pgfplots@tmpa=\dimen268
\c@pgfplots@coordindex=\count308
\c@pgfplots@scanlineindex=\count309

(/Users/jm/Library/Application Support/MiKTeX/texmfs/install/tex/generic/pgfplo
ts/sys/pgfplotssysgeneric.code.tex))
(/Users/jm/Library/Application Support/MiKTeX/texmfs/install/tex/generic/pgfplo
ts/libs/pgfplotslibrary.code.tex)
(/Users/jm/Library/Application Support/MiKTeX/texmfs/install/tex/generic/pgfplo
ts/oldpgfcompatib/pgfplotsoldpgfsupp_loader.code.tex
(/Users/jm/Library/Application Support/MiKTeX/texmfs/install/tex/generic/pgf/li
braries/pgflibraryfpu.code.tex)
Package pgfplots: loading complementary utilities for your pgf version...
\t@pgf@toka=\toks34
\t@pgf@tokb=\toks35
\t@pgf@tokc=\toks36

(/Users/jm/Library/Application Support/MiKTeX/texmfs/install/tex/generic/pgfplo
ts/oldpgfcompatib/pgfplotsoldpgfsupp_pgfutil-common-lists.tex))
(/Users/jm/Library/Application Support/MiKTeX/texmfs/install/tex/generic/pgfplo
ts/util/pgfplotsutil.code.tex
(/Users/jm/Library/Application Support/MiKTeX/texmfs/install/tex/generic/pgfplo
ts/liststructure/pgfplotsliststructure.code.tex)
(/Users/jm/Library/Application Support/MiKTeX/texmfs/install/tex/generic/pgfplo
ts/liststructure/pgfplotsliststructureext.code.tex)
(/Users/jm/Library/Application Support/MiKTeX/texmfs/install/tex/generic/pgfplo
ts/liststructure/pgfplotsarray.code.tex
\c@pgfplotsarray@tmp=\count310
)
(/Users/jm/Library/Application Support/MiKTeX/texmfs/install/tex/generic/pgfplo
ts/liststructure/pgfplotsmatrix.code.tex)
(/Users/jm/Library/Application Support/MiKTeX/texmfs/install/tex/generic/pgfplo
ts/numtable/pgfplotstableshared.code.tex
\c@pgfplotstable@counta=\count311
\t@pgfplotstable@a=\toks37
)
(/Users/jm/Library/Application Support/MiKTeX/texmfs/install/tex/generic/pgfplo
ts/liststructure/pgfplotsdeque.code.tex)
(/Users/jm/Library/Application Support/MiKTeX/texmfs/install/tex/generic/pgfplo
ts/util/pgfplotsbinary.code.tex
(/Users/jm/Library/Application Support/MiKTeX/texmfs/install/tex/generic/pgfplo
ts/util/pgfplotsbinary.data.code.tex))
(/Users/jm/Library/Application Support/MiKTeX/texmfs/install/tex/generic/pgfplo
ts/util/pgfplotsutil.verb.code.tex)
(/Users/jm/Library/Application Support/MiKTeX/texmfs/install/tex/generic/pgfplo
ts/libs/pgflibrarypgfplots.surfshading.code.tex
\c@pgfplotslibrarysurf@no=\count312

(/Users/jm/Library/Application Support/MiKTeX/texmfs/install/tex/generic/pgfplo
ts/sys/pgflibrarypgfplots.surfshading.pgfsys-pdftex.def)))
(/Users/jm/Library/Application Support/MiKTeX/texmfs/install/tex/generic/pgfplo
ts/util/pgfplotscolormap.code.tex
(/Users/jm/Library/Application Support/MiKTeX/texmfs/install/tex/generic/pgfplo
ts/util/pgfplotscolor.code.tex))
(/Users/jm/Library/Application Support/MiKTeX/texmfs/install/tex/generic/pgfplo
ts/pgfplotsstackedplots.code.tex)
(/Users/jm/Library/Application Support/MiKTeX/texmfs/install/tex/generic/pgfplo
ts/pgfplotsplothandlers.code.tex
(/Users/jm/Library/Application Support/MiKTeX/texmfs/install/tex/generic/pgfplo
ts/pgfplotsmeshplothandler.code.tex
(/Users/jm/Library/Application Support/MiKTeX/texmfs/install/tex/generic/pgfplo
ts/pgfplotsmeshplotimage.code.tex)))
(/Users/jm/Library/Application Support/MiKTeX/texmfs/install/tex/generic/pgfplo
ts/pgfplots.scaling.code.tex)
(/Users/jm/Library/Application Support/MiKTeX/texmfs/install/tex/generic/pgfplo
ts/pgfplotscoordprocessing.code.tex)
(/Users/jm/Library/Application Support/MiKTeX/texmfs/install/tex/generic/pgfplo
ts/pgfplots.errorbars.code.tex)
(/Users/jm/Library/Application Support/MiKTeX/texmfs/install/tex/generic/pgfplo
ts/pgfplots.markers.code.tex)
(/Users/jm/Library/Application Support/MiKTeX/texmfs/install/tex/generic/pgfplo
ts/pgfplotsticks.code.tex)
(/Users/jm/Library/Application Support/MiKTeX/texmfs/install/tex/generic/pgfplo
ts/pgfplots.paths.code.tex)
(/Users/jm/Library/Application Support/MiKTeX/texmfs/install/tex/generic/pgfplo
ts/libs/tikzlibrarypgfplots.contourlua.code.tex)
\pgfplots@numplots=\count313
\pgfplots@xmin@reg=\dimen269
\pgfplots@xmax@reg=\dimen270
\pgfplots@ymin@reg=\dimen271
\pgfplots@ymax@reg=\dimen272
\pgfplots@zmin@reg=\dimen273
\pgfplots@zmax@reg=\dimen274
)
(/Users/jm/Library/Application Support/MiKTeX/texmfs/install/tex/generic/pgf/fr
ontendlayer/tikz/libraries/tikzlibraryplotmarks.code.tex
File: tikzlibraryplotmarks.code.tex 2023-01-15 v3.1.10 (3.1.10)

(/Users/jm/Library/Application Support/MiKTeX/texmfs/install/tex/generic/pgf/li
braries/pgflibraryplotmarks.code.tex
File: pgflibraryplotmarks.code.tex 2023-01-15 v3.1.10 (3.1.10)
)))
(/Library/Application Support/MiKTeX/texmfs/install/tex/latex/tools/afterpage.s
ty
Package: afterpage 2023/07/04 v1.08 After-Page Package (DPC)
\AP@output=\toks38
\AP@partial=\box68
\AP@footins=\box69
)
(/Users/jm/Library/Application Support/MiKTeX/texmfs/install/tex/latex/amsmath/
amsmath.sty
Package: amsmath 2025/06/16 v2.17y AMS math features
\@mathmargin=\skip51

For additional information on amsmath, use the `?' option.

(/Users/jm/Library/Application Support/MiKTeX/texmfs/install/tex/latex/amsmath/
amstext.sty
Package: amstext 2024/11/17 v2.01 AMS text

(/Users/jm/Library/Application Support/MiKTeX/texmfs/install/tex/latex/amsmath/
amsgen.sty
File: amsgen.sty 1999/11/30 v2.0 generic functions
\@emptytoks=\toks39
\ex@=\dimen275
))
(/Users/jm/Library/Application Support/MiKTeX/texmfs/install/tex/latex/amsmath/
amsbsy.sty
Package: amsbsy 1999/11/29 v1.2d Bold Symbols
\pmbraise@=\dimen276
)
(/Users/jm/Library/Application Support/MiKTeX/texmfs/install/tex/latex/amsmath/
amsopn.sty
Package: amsopn 2022/04/08 v2.04 operator names
)
\inf@bad=\count314
LaTeX Info: Redefining \frac on input line 233.
\uproot@=\count315
\leftroot@=\count316
LaTeX Info: Redefining \overline on input line 398.
LaTeX Info: Redefining \colon on input line 409.
\classnum@=\count317
\DOTSCASE@=\count318
LaTeX Info: Redefining \ldots on input line 495.
LaTeX Info: Redefining \dots on input line 498.
LaTeX Info: Redefining \cdots on input line 619.
\Mathstrutbox@=\box70
\strutbox@=\box71
LaTeX Info: Redefining \big on input line 721.
LaTeX Info: Redefining \Big on input line 722.
LaTeX Info: Redefining \bigg on input line 723.
LaTeX Info: Redefining \Bigg on input line 724.
\big@size=\dimen277
LaTeX Font Info:    Redeclaring font encoding OML on input line 742.
LaTeX Font Info:    Redeclaring font encoding OMS on input line 743.
\macc@depth=\count319
LaTeX Info: Redefining \bmod on input line 904.
LaTeX Info: Redefining \pmod on input line 909.
LaTeX Info: Redefining \smash on input line 939.
LaTeX Info: Redefining \relbar on input line 969.
LaTeX Info: Redefining \Relbar on input line 970.
\c@MaxMatrixCols=\count320
\dotsspace@=\muskip17
\c@parentequation=\count321
\dspbrk@lvl=\count322
\tag@help=\toks40
\row@=\count323
\column@=\count324
\maxfields@=\count325
\andhelp@=\toks41
\eqnshift@=\dimen278
\alignsep@=\dimen279
\tagshift@=\dimen280
\tagwidth@=\dimen281
\totwidth@=\dimen282
\lineht@=\dimen283
\@envbody=\toks42
\multlinegap=\skip52
\multlinetaggap=\skip53
\mathdisplay@stack=\toks43
LaTeX Info: Redefining \[ on input line 2949.
LaTeX Info: Redefining \] on input line 2950.
)
(/Users/jm/Library/Application Support/MiKTeX/texmfs/install/tex/generic/pgf/fr
ontendlayer/tikz/libraries/tikzlibraryshadings.code.tex
File: tikzlibraryshadings.code.tex 2023-01-15 v3.1.10 (3.1.10)

(/Users/jm/Library/Application Support/MiKTeX/texmfs/install/tex/generic/pgf/li
braries/pgflibraryshadings.code.tex
File: pgflibraryshadings.code.tex 2023-01-15 v3.1.10 (3.1.10)
))
(/Users/jm/Library/Application Support/MiKTeX/texmfs/install/tex/latex/circuiti
kz/circuitikz.sty
Package: circuitikz 2025/07/08{} The CircuiTikz circuit drawing package version
 1.8.2

(/Users/jm/Library/Application Support/MiKTeX/texmfs/install/tex/generic/pgf/fr
ontendlayer/tikz/libraries/tikzlibrarybending.code.tex
File: tikzlibrarybending.code.tex 2023-01-15 v3.1.10 (3.1.10)

(/Users/jm/Library/Application Support/MiKTeX/texmfs/install/tex/generic/pgf/mo
dules/pgfmodulebending.code.tex
File: pgfmodulebending.code.tex 2023-01-15 v3.1.10 (3.1.10)

(/Users/jm/Library/Application Support/MiKTeX/texmfs/install/tex/generic/pgf/mo
dules/pgfmodulenonlineartransformations.code.tex
File: pgfmodulenonlineartransformations.code.tex 2023-01-15 v3.1.10 (3.1.10)
\pgftransformnonlinearflatness=\dimen284
)
(/Users/jm/Library/Application Support/MiKTeX/texmfs/install/tex/generic/pgf/li
braries/pgflibrarycurvilinear.code.tex
File: pgflibrarycurvilinear.code.tex 2023-01-15 v3.1.10 (3.1.10)
\pgf@curvilinear@time@a=\dimen285
\pgf@curvilinear@length@a=\dimen286
\pgf@curvilinear@length@b=\dimen287
\pgf@curvilinear@length@c=\dimen288
\pgf@curvilinear@length@d=\dimen289
)
\pgf@arrows@the@rigidity=\dimen290
))
(/Users/jm/Library/Application Support/MiKTeX/texmfs/install/tex/generic/pgf/fr
ontendlayer/tikz/libraries/tikzlibraryfpu.code.tex)
(/Users/jm/Library/Application Support/MiKTeX/texmfs/install/tex/generic/circui
tikz/pgfcirc.defines.tex
\pgf@circ@count@a=\count326
\pgf@circ@count@b=\count327
\pgf@circ@count@c=\count328
\pgf@circ@res@up=\dimen291
\pgf@circ@res@down=\dimen292
\pgf@circ@res@zero=\dimen293
\pgf@circ@res@left=\dimen294
\pgf@circ@res@right=\dimen295
\pgf@circ@res@other=\dimen296
\pgf@circ@res@step=\dimen297
\pgf@circ@res@temp=\dimen298
\pgf@circ@Rlen=\dimen299
\pgf@circ@scaled@Rlen=\dimen300
\pgfstartlinewidth=\dimen301
)
(/Users/jm/Library/Application Support/MiKTeX/texmfs/install/tex/generic/circui
tikz/pgfcircutils.tex
\ctikz@scratchbox=\box72
)
(/Users/jm/Library/Application Support/MiKTeX/texmfs/install/tex/generic/circui
tikz/pgfcircpath.tex)
(/Users/jm/Library/Application Support/MiKTeX/texmfs/install/tex/generic/circui
tikz/pgfcircshapes.tex)
(/Users/jm/Library/Application Support/MiKTeX/texmfs/install/tex/generic/circui
tikz/pgfcircmonopoles.tex)
(/Users/jm/Library/Application Support/MiKTeX/texmfs/install/tex/generic/circui
tikz/pgfcircbipoles.tex)
(/Users/jm/Library/Application Support/MiKTeX/texmfs/install/tex/generic/circui
tikz/pgfcirctripoles.tex
\pgf@circ@res@count=\count329
)
(/Users/jm/Library/Application Support/MiKTeX/texmfs/install/tex/generic/circui
tikz/pgfcircquadpoles.tex)
(/Users/jm/Library/Application Support/MiKTeX/texmfs/install/tex/generic/circui
tikz/pgfcircmultipoles.tex)
(/Users/jm/Library/Application Support/MiKTeX/texmfs/install/tex/generic/circui
tikz/pgfcirclabel.tex)
(/Users/jm/Library/Application Support/MiKTeX/texmfs/install/tex/generic/circui
tikz/pgfcircvoltage.tex
\pgfcirc@labelshift=\dimen302
)
(/Users/jm/Library/Application Support/MiKTeX/texmfs/install/tex/generic/circui
tikz/pgfcirccurrent.tex)
(/Users/jm/Library/Application Support/MiKTeX/texmfs/install/tex/generic/circui
tikz/pgfcircflow.tex))
(/Users/jm/Library/Application Support/MiKTeX/texmfs/install/tex/generic/pgf/fr
ontendlayer/tikz/libraries/tikzlibrarydecorations.markings.code.tex
(/Users/jm/Library/Application Support/MiKTeX/texmfs/install/tex/generic/pgf/li
braries/decorations/pgflibrarydecorations.markings.code.tex))
(/Users/jm/Library/Application Support/MiKTeX/texmfs/install/tex/latex/l3backen
d/l3backend-pdftex.def
File: l3backend-pdftex.def 2025-06-09 L3 backend support: PDF output (pdfTeX)
\l__color_backend_stack_int=\count330
) (figuras_intro.aux)
\openout1 = `figuras_intro.aux'.

LaTeX Font Info:    Checking defaults for OML/cmm/m/it on input line 62.
LaTeX Font Info:    ... okay on input line 62.
LaTeX Font Info:    Checking defaults for OMS/cmsy/m/n on input line 62.
LaTeX Font Info:    ... okay on input line 62.
LaTeX Font Info:    Checking defaults for OT1/cmr/m/n on input line 62.
LaTeX Font Info:    ... okay on input line 62.
LaTeX Font Info:    Checking defaults for T1/cmr/m/n on input line 62.
LaTeX Font Info:    ... okay on input line 62.
LaTeX Font Info:    Checking defaults for TS1/cmr/m/n on input line 62.
LaTeX Font Info:    ... okay on input line 62.
LaTeX Font Info:    Checking defaults for OMX/cmex/m/n on input line 62.
LaTeX Font Info:    ... okay on input line 62.
LaTeX Font Info:    Checking defaults for U/cmr/m/n on input line 62.
LaTeX Font Info:    ... okay on input line 62.

(/Users/jm/Library/Application Support/MiKTeX/texmfs/install/tex/context/base/m
kii/supp-pdf.mkii
[Loading MPS to PDF converter (version 2006.09.02).]
\scratchcounter=\count331
\scratchdimen=\dimen303
\scratchbox=\box73
\nofMPsegments=\count332
\nofMParguments=\count333
\everyMPshowfont=\toks44
\MPscratchCnt=\count334
\MPscratchDim=\dimen304
\MPnumerator=\count335
\makeMPintoPDFobject=\count336
\everyMPtoPDFconversion=\toks45
)
(/Users/jm/Library/Application Support/MiKTeX/texmfs/install/tex/latex/epstopdf
-pkg/epstopdf-base.sty
Package: epstopdf-base 2020-01-24 v2.11 Base part for package epstopdf
Package epstopdf-base Info: Redefining graphics rule for `.eps' on input line 4
85.

(/Users/jm/Library/Application Support/MiKTeX/texmfs/install/tex/latex/00miktex
/epstopdf-sys.cfg
File: epstopdf-sys.cfg 2021/03/18 v2.0 Configuration of epstopdf for MiKTeX
))
Package pgfplots notification 'compat/show suggested version=true': document ha
s been generated with the most recent feature set (\pgfplotsset{compat=1.18}).



[1


Non-PDF special ignored!
<special> papersize=321.582pt,378.89804pt
{/Users/jm/Library/Application Support/MiKTeX/texmfs/data/fonts/map/pdftex/pdft
ex.map}]

[2
Non-PDF special ignored!
<special> papersize=295.50586pt,324.33311pt
] (figuras_intro.aux)
 ***********
LaTeX2e <2025-06-01> patch level 1
L3 programming layer <2025-07-19>
 ***********
 ) 
Here is how much of TeX's memory you used:
 42663 strings out of 468154
 1207098 string characters out of 5427637
 1947029 words of memory out of 5000000
 70778 multiletter control sequences out of 15000+600000
 630221 words of font info for 52 fonts, out of 8000000 for 9000
 1141 hyphenation exceptions out of 8191
 117i,8n,121p,769b,760s stack positions out of 10000i,1000n,20000p,200000b,200000s
</Users/jm/Library/Application Support/MiKTeX/texmfs/install/fonts/type1/publ
ic/amsfonts/cm/cmmi10.pfb></Users/jm/Library/Application Support/MiKTeX/texmfs/
install/fonts/type1/public/amsfonts/cm/cmmi12.pfb></Users/jm/Library/Applicatio
n Support/MiKTeX/texmfs/install/fonts/type1/public/amsfonts/cm/cmmi7.pfb></User
s/jm/Library/Application Support/MiKTeX/texmfs/install/fonts/type1/public/amsfo
nts/cm/cmr10.pfb></Users/jm/Library/Application Support/MiKTeX/texmfs/install/f
onts/type1/public/amsfonts/cm/cmr7.pfb></Users/jm/Library/Application Support/M
iKTeX/texmfs/install/fonts/type1/public/amsfonts/cm/cmr9.pfb></Users/jm/Library
/Application Support/MiKTeX/texmfs/install/fonts/type1/public/amsfonts/cm/cmss1
0.pfb></Users/jm/Library/Application Support/MiKTeX/texmfs/install/fonts/type1/
public/amsfonts/cm/cmss8.pfb></Users/jm/Library/Application Support/MiKTeX/texm
fs/install/fonts/type1/public/amsfonts/cm/cmssbx10.pfb></Users/jm/Library/Appli
cation Support/MiKTeX/texmfs/install/fonts/type1/public/amsfonts/cm/cmsy10.pfb>

Output written on figuras_intro.pdf (2 pages, 106141 bytes).
PDF statistics:
 86 PDF objects out of 1000 (max. 8388607)
 0 named destinations out of 1000 (max. 500000)
 109 words of extra memory for PDF output out of 10000 (max. 10000000)

